0 info it worked if it ends with ok
1 verbose cli [ '/usr/bin/node', '/usr/bin/npm', 'publish' ]
2 info using npm@1.1.32
3 info using node@v0.8.0
4 verbose config file /home/ben/.npmrc
5 verbose config file /usr/etc/npmrc
6 verbose config file /usr/lib/node_modules/npm/npmrc
7 verbose publish [ '.' ]
8 verbose read json /home/ben/programming/node/pdeEngine/package.json
9 verbose cache add [ '.', null ]
10 silly cache add name=undefined spec="." args=[".",null]
11 verbose parsed url { pathname: '.', path: '.', href: '.' }
12 verbose read json package.json
13 verbose tar pack [ '/home/ben/tmp/npm-1340922079387/1340922079387-0.5927424598485231/tmp.tgz',
13 verbose tar pack   '.' ]
14 verbose tarball /home/ben/tmp/npm-1340922079387/1340922079387-0.5927424598485231/tmp.tgz
15 verbose folder .
16 info prepublish pdeEngine@0.0.4
17 verbose tar unpack /home/ben/tmp/npm-1340922079387/1340922079387-0.5927424598485231/tmp.tgz
18 silly gunzTarPerm modes [ '755', '644' ]
19 silly gunzTarPerm extractEntry package.json
20 silly gunzTarPerm extractEntry README.md
21 silly gunzTarPerm extractEntry pdeEngine.js
22 verbose read json /home/ben/tmp/npm-1340922079387/1340922079387-0.5927424598485231/package/package.json
23 verbose from cache /home/ben/tmp/npm-1340922079387/1340922079387-0.5927424598485231/package/package.json
24 verbose tar pack [ '/home/ben/.npm/pdeEngine/0.0.4/package.tgz',
24 verbose tar pack   '/home/ben/tmp/npm-1340922079387/1340922079387-0.5927424598485231/package' ]
25 verbose tarball /home/ben/.npm/pdeEngine/0.0.4/package.tgz
26 verbose folder /home/ben/tmp/npm-1340922079387/1340922079387-0.5927424598485231/package
27 verbose tar unpack /home/ben/.npm/pdeEngine/0.0.4/package.tgz
28 silly gunzTarPerm modes [ '755', '644' ]
29 silly gunzTarPerm extractEntry package.json
30 silly gunzTarPerm extractEntry README.md
31 silly gunzTarPerm extractEntry pdeEngine.js
32 verbose read json /home/ben/.npm/pdeEngine/0.0.4/package/package.json
33 silly shasum updated bytes 2659
34 info shasum 276a01582c4bfebb66fa1438cb846bf9eb13b22d
34 info shasum /home/ben/.npm/pdeEngine/0.0.4/package.tgz
35 verbose from cache /home/ben/.npm/pdeEngine/0.0.4/package/package.json
36 verbose chmod /home/ben/.npm/pdeEngine/0.0.4/package.tgz 644
37 verbose chown /home/ben/.npm/pdeEngine/0.0.4/package.tgz [ 1000, 10 ]
38 silly publish { name: 'pdeEngine',
38 silly publish   version: '0.0.4',
38 silly publish   description: 'Basic heat and wave equation solver for node and the browser',
38 silly publish   main: 'pdeEngine.js',
38 silly publish   scripts: { test: 'echo "Error: no test specified" && exit 1' },
38 silly publish   repository:
38 silly publish    { type: 'git',
38 silly publish      url: 'git://github.com/bpostlethwaite/pdeEngine.git' },
38 silly publish   keywords:
38 silly publish    [ 'pde',
38 silly publish      'physics',
38 silly publish      'equation',
38 silly publish      'wave',
38 silly publish      'diffusion',
38 silly publish      'heat',
38 silly publish      'engine',
38 silly publish      'math' ],
38 silly publish   author: { name: 'Ben Postlethwaite' },
38 silly publish   license: 'MIT',
38 silly publish   readme: '# pdeEngine\n\n\nA simple solver of the heat/diffusion equation and wave equation meant for driving visualizations not for performing exacting scientific analysis. The forward Euler step is employed for simplicity and speed, as well as further simplifying the discrete equations with the convolution operator.\n\nIt solves the pde on an nxm square grid with n and m being defined by the `setResolution` method.\n\n## How to use\n\n```javascript\nio = require(\'socket.io\').listen(6543)\nengine = require(\'pdeEngine\')\nfield = engine( {\n    dt: 0.1\n  , gamma: 0.02\n  , eqn: "wave"\n  })\nfield.setResolution(80, 100)\n\nio.sockets.on(\'connection\', function (socket) {\n\n  socket.on(\'addSource\', function(data) {\n    field.addSource(data.row, data.col, mag)\n  })\n\n})\n\nsetInterval( function () {\n\n  var coeffs = field.update( {\n      dt: 0.1\n    , eqn: "diffusion"\n    , alpha: 0.5\n    })\n\n  // Render coeffs //\n\n} , 50 )\n```\n\nOf course you can employ any means of adding sources.\nThe `addSource` method specifies the location of the source at that particular timestep with magnitude `mag`. Right now it emplaces a hard-coded Gaussian source centred at `(row, col)`, with boundary cases already implemented.\n\n## Configuration\nThe following are possible configuration options. If configs are omitted defaults will be used. The defaults are given after the `||`:\n```javascript\n{\n   dt = spec.dt || 0.1\n , dx = spec.dx || 1\n , gamma = spec.gamma || 0.02   // wave decay factor\n , vel = spec.vel || 2          // wave velocity\n , alpha = spec.alpha || 1      // diffusion paramter\n , eqn = spec.eqn || \'wave\'\n}\n```\n\n## Versioning and updates\n\nThis is an early but fully working physics engine. Future releases may optimize algorithms or add new methods/configs, but this basic API should remain stable.\n',
38 silly publish   _id: 'pdeEngine@0.0.4',
38 silly publish   dist: { shasum: '276a01582c4bfebb66fa1438cb846bf9eb13b22d' } }
39 verbose url raw pdeEngine
40 verbose url resolving [ 'https://registry.npmjs.org/', './pdeEngine' ]
41 verbose url resolved https://registry.npmjs.org/pdeEngine
42 http PUT https://registry.npmjs.org/pdeEngine
43 http 403 https://registry.npmjs.org/pdeEngine
44 error publish Failed PUT response 403
45 error Error: forbidden New packages must have all-lowercase names: pdeEngine
45 error     at RegClient.<anonymous> (/usr/lib/node_modules/npm/node_modules/npm-registry-client/lib/request.js:177:14)
45 error     at Request.init.self.callback (/usr/lib/node_modules/npm/node_modules/request/main.js:119:22)
45 error     at Request.EventEmitter.emit (events.js:91:17)
45 error     at Request.<anonymous> (/usr/lib/node_modules/npm/node_modules/request/main.js:521:16)
45 error     at Request.EventEmitter.emit (events.js:88:17)
45 error     at IncomingMessage.Request.start.self.req.self.httpModule.request.buffer (/usr/lib/node_modules/npm/node_modules/request/main.js:483:14)
45 error     at IncomingMessage.EventEmitter.emit (events.js:115:20)
45 error     at IncomingMessage._emitEnd (http.js:366:10)
45 error     at HTTPParser.parserOnMessageComplete [as onMessageComplete] (http.js:149:23)
45 error     at CleartextStream.socketOnData [as ondata] (http.js:1356:20)
45 error  [Error: forbidden New packages must have all-lowercase names: pdeEngine]
46 error You may report this log at:
46 error     <http://github.com/isaacs/npm/issues>
46 error or email it to:
46 error     <npm-@googlegroups.com>
47 error System Linux 3.4.4-2-ARCH
48 error command "/usr/bin/node" "/usr/bin/npm" "publish"
49 error cwd /home/ben/programming/node/pdeEngine
50 error node -v v0.8.0
51 error npm -v 1.1.32
52 error message forbidden New packages must have all-lowercase names: pdeEngine
53 verbose exit [ 1, true ]
